15:35:42 **** Incremental Build of configuration Debug for project oled_periph ****
make -r -j16 all 
Building file: ../src/music.c
Building file: ../src/uart.c
Invoking: MCU C Compiler
Invoking: MCU C Compiler
arm-none-eabi-gcc -DDEBUG -D__USE_CMSIS=CMSISv1p30_LPC17xx -D__CODE_RED -D__NEWLIB__ -I"C:\Users\student\wbudowane-\Lib_CMSISv1p30_LPC17xx\inc" -I"C:\Users\student\wbudowane-\Lib_EaBaseBoard\inc" -I"C:\Users\student\wbudowane-\Lib_MCU\inc" -O0 -g3 -gdwarf-4 -Wall -c -fmessage-length=0 -fno-builtin -ffunction-sections -fmerge-constants -fmacro-prefix-map="../src/"= -mcpu=cortex-m3 -mthumb -D__NEWLIB__ -fstack-usage -MMD -MP -MF"src/music.d" -MT"src/music.o" -MT"src/music.d" -o "src/music.o" "../src/music.c"
arm-none-eabi-gcc -DDEBUG -D__USE_CMSIS=CMSISv1p30_LPC17xx -D__CODE_RED -D__NEWLIB__ -I"C:\Users\student\wbudowane-\Lib_CMSISv1p30_LPC17xx\inc" -I"C:\Users\student\wbudowane-\Lib_EaBaseBoard\inc" -I"C:\Users\student\wbudowane-\Lib_MCU\inc" -O0 -g3 -gdwarf-4 -Wall -c -fmessage-length=0 -fno-builtin -ffunction-sections -fmerge-constants -fmacro-prefix-map="../src/"= -mcpu=cortex-m3 -mthumb -D__NEWLIB__ -fstack-usage -MMD -MP -MF"src/uart.d" -MT"src/uart.o" -MT"src/uart.d" -o "src/uart.o" "../src/uart.c"
../src/uart.c: In function 'init_uart':
../src/uart.c:5:9: error: unknown type name 'PINSEL_CFG_Type'
    5 |         PINSEL_CFG_Type PinCfg;
      |         ^~~~~~~~~~~~~~~
../src/uart.c:6:9: error: unknown type name 'UART_CFG_Type'
    6 |         UART_CFG_Type uartCfg;
      |         ^~~~~~~~~~~~~
../src/uart.c:9:15: error: request for member 'Funcnum' in something not a structure or union
    9 |         PinCfg.Funcnum = 2;
      |               ^
../src/uart.c:10:15: error: request for member 'Pinnum' in something not a structure or union
   10 |         PinCfg.Pinnum = 0;
      |               ^
../src/uart.c:11:15: error: request for member 'Portnum' in something not a structure or union
   11 |         PinCfg.Portnum = 0;
      |               ^
../src/uart.c:12:9: warning: implicit declaration of function 'PINSEL_ConfigPin' [-Wimplicit-function-declaration]
   12 |         PINSEL_ConfigPin(&PinCfg);
      |         ^~~~~~~~~~~~~~~~
../src/music.c: In function 'setupMusic':
../src/uart.c:13:15: error: request for member 'Pinnum' in something not a structure or union
   13 |         PinCfg.Pinnum = 1;
      |               ^
../src/uart.c:16:16: error: request for member 'Baud_rate' in something not a structure or union
   16 |         uartCfg.Baud_rate = 115200;
      |                ^
../src/music.c:9:9: error: unknown type name 'PINSEL_CFG_Type'
    9 |         PINSEL_CFG_Type PinCfg;
      |         ^~~~~~~~~~~~~~~
../src/uart.c:17:16: error: request for member 'Databits' in something not a structure or union
   17 |         uartCfg.Databits = UART_DATABIT_8;
      |                ^
../src/music.c:11:9: error: unknown type name 'uint32_t'
   11 |         uint32_t cnt = 0;
      |         ^~~~~~~~
../src/music.c:1:1: note: 'uint32_t' is defined in header '<stdint.h>'; did you forget to '#include <stdint.h>'?
  +++ |+#include <stdint.h>
    1 | /*
../src/uart.c:17:28: error: 'UART_DATABIT_8' undeclared (first use in this function)
   17 |         uartCfg.Databits = UART_DATABIT_8;
      |                            ^~~~~~~~~~~~~~
../src/uart.c:17:28: note: each undeclared identifier is reported only once for each function it appears in
../src/uart.c:18:16: error: request for member 'Parity' in something not a structure or union
   18 |         uartCfg.Parity = UART_PARITY_NONE;
      |                ^
../src/music.c:12:9: error: unknown type name 'uint32_t'
   12 |         uint32_t off = 0;
      |         ^~~~~~~~
../src/uart.c:18:26: error: 'UART_PARITY_NONE' undeclared (first use in this function)
   18 |         uartCfg.Parity = UART_PARITY_NONE;
      |                          ^~~~~~~~~~~~~~~~
../src/uart.c:19:16: error: request for member 'Stopbits' in something not a structure or union
   19 |         uartCfg.Stopbits = UART_STOPBIT_1;
      |                ^
../src/music.c:12:9: note: 'uint32_t' is defined in header '<stdint.h>'; did you forget to '#include <stdint.h>'?
../src/music.c:13:9: error: unknown type name 'uint32_t'
   13 |         uint32_t sampleRate = 0;
      |         ^~~~~~~~
../src/uart.c:19:28: error: 'UART_STOPBIT_1' undeclared (first use in this function)
   19 |         uartCfg.Stopbits = UART_STOPBIT_1;
      |                            ^~~~~~~~~~~~~~
../src/music.c:13:9: note: 'uint32_t' is defined in header '<stdint.h>'; did you forget to '#include <stdint.h>'?
../src/music.c:14:9: error: unknown type name 'uint32_t'
   14 |         uint32_t delay = 0;
      |         ^~~~~~~~
../src/music.c:14:9: note: 'uint32_t' is defined in header '<stdint.h>'; did you forget to '#include <stdint.h>'?
../src/uart.c:21:9: warning: implicit declaration of function 'UART_Init' [-Wimplicit-function-declaration]
   21 |         UART_Init(UART_DEV, &uartCfg);
      |         ^~~~~~~~~
../src/uart.c:1:18: error: 'LPC_UART3' undeclared (first use in this function)
    1 | #define UART_DEV LPC_UART3
      |                  ^~~~~~~~~
../src/uart.c:21:19: note: in expansion of macro 'UART_DEV'
   21 |         UART_Init(UART_DEV, &uartCfg);
      |                   ^~~~~~~~
../src/music.c:16:9: warning: implicit declaration of function 'GPIO_SetDir' [-Wimplicit-function-declaration]
   16 |         GPIO_SetDir(2, 1 << 0, 1);
      |         ^~~~~~~~~~~
../src/uart.c:23:9: warning: implicit declaration of function 'UART_TxCmd' [-Wimplicit-function-declaration]
   23 |         UART_TxCmd(UART_DEV, ENABLE);
      |         ^~~~~~~~~~
../src/uart.c:23:30: error: 'ENABLE' undeclared (first use in this function)
   23 |         UART_TxCmd(UART_DEV, ENABLE);
      |                              ^~~~~~
../src/music.c:24:9: warning: implicit declaration of function 'GPIO_ClearValue' [-Wimplicit-function-declaration]
   24 |         GPIO_ClearValue(0, 1 << 27); //LM4811-clk
      |         ^~~~~~~~~~~~~~~
../src/music.c:32:15: error: request for member 'Funcnum' in something not a structure or union
   32 |         PinCfg.Funcnum = 2;
      |               ^
../src/music.c:33:15: error: request for member 'OpenDrain' in something not a structure or union
   33 |         PinCfg.OpenDrain = 0;
      |               ^
../src/music.c:34:15: error: request for member 'Pinmode' in something not a structure or union
   34 |         PinCfg.Pinmode = 0;
      |               ^
../src/music.c:35:15: error: request for member 'Pinnum' in something not a structure or union
   35 |         PinCfg.Pinnum = 26;
      |               ^
../src/music.c:36:15: error: request for member 'Portnum' in something not a structure or union
   36 |         PinCfg.Portnum = 0;
      |               ^
../src/music.c:37:9: warning: implicit declaration of function 'PINSEL_ConfigPin' [-Wimplicit-function-declaration]
   37 |         PINSEL_ConfigPin(&PinCfg);
      |         ^~~~~~~~~~~~~~~~
../src/music.c:43:9: warning: implicit declaration of function 'DAC_Init' [-Wimplicit-function-declaration]
   43 |         DAC_Init(LPC_DAC);
      |         ^~~~~~~~
../src/music.c:43:18: error: 'LPC_DAC' undeclared (first use in this function)
   43 |         DAC_Init(LPC_DAC);
      |                  ^~~~~~~
../src/music.c:43:18: note: each undeclared identifier is reported only once for each function it appears in
../src/music.c:51:13: error: 'sound_8k' undeclared (first use in this function)
   51 |         if (sound_8k[cnt] != 'W' && sound_8k[cnt + 1] != 'A'
      |             ^~~~~~~~
../src/music.c:53:17: warning: implicit declaration of function 'UART_SendString' [-Wimplicit-function-declaration]
   53 |                 UART_SendString(UART_DEV, (uint8_t*) "Wrong format (WAVE)\r\n");
      |                 ^~~~~~~~~~~~~~~
../src/music.c:53:33: error: 'UART_DEV' undeclared (first use in this function)
   53 |                 UART_SendString(UART_DEV, (uint8_t*) "Wrong format (WAVE)\r\n");
      |                                 ^~~~~~~~
../src/music.c:53:44: error: 'uint8_t' undeclared (first use in this function)
   53 |                 UART_SendString(UART_DEV, (uint8_t*) "Wrong format (WAVE)\r\n");
      |                                            ^~~~~~~
../src/music.c:53:44: note: 'uint8_t' is defined in header '<stdint.h>'; did you forget to '#include <stdint.h>'?
make[1]: *** [src/subdir.mk:44: src/uart.o] Error 1
make[1]: *** Waiting for unfinished jobs....
../src/music.c:53:52: error: expected expression before ')' token
   53 |                 UART_SendString(UART_DEV, (uint8_t*) "Wrong format (WAVE)\r\n");
      |                                                    ^
../src/music.c:54:24: warning: 'return' with a value, in function returning void [-Wreturn-type]
   54 |                 return 0;
      |                        ^
../src/music.c:8:6: note: declared here
    8 | void setupMusic() {
      |      ^~~~~~~~~~
../src/music.c:61:52: error: expected expression before ')' token
   61 |                 UART_SendString(UART_DEV, (uint8_t*) "Missing fmt\r\n");
      |                                                    ^
../src/music.c:62:24: warning: 'return' with a value, in function returning void [-Wreturn-type]
   62 |                 return 0;
      |                        ^
../src/music.c:8:6: note: declared here
    8 | void setupMusic() {
      |      ^~~~~~~~~~
../src/music.c:73:52: error: expected expression before ')' token
   73 |                 UART_SendString(UART_DEV, (uint8_t*) "Only 8kHz supported\r\n");
      |                                                    ^
../src/music.c:74:24: warning: 'return' with a value, in function returning void [-Wreturn-type]
   74 |                 return 0;
      |                        ^
../src/music.c:8:6: note: declared here
    8 | void setupMusic() {
      |      ^~~~~~~~~~
../src/music.c:87:52: error: expected expression before ')' token
   87 |                 UART_SendString(UART_DEV, (uint8_t*) "Missing data\r\n");
      |                                                    ^
../src/music.c:88:24: warning: 'return' with a value, in function returning void [-Wreturn-type]
   88 |                 return 0;
      |                        ^
../src/music.c:8:6: note: declared here
    8 | void setupMusic() {
      |      ^~~~~~~~~~
../src/music.c:97:24: error: 'sound_sz' undeclared (first use in this function)
   97 |         while (cnt++ < sound_sz) {
      |                        ^~~~~~~~
../src/music.c:98:17: warning: implicit declaration of function 'DAC_UpdateValue' [-Wimplicit-function-declaration]
   98 |                 DAC_UpdateValue(LPC_DAC, (uint32_t) (sound_8k[cnt]));
      |                 ^~~~~~~~~~~~~~~
../src/music.c:98:43: error: 'uint32_t' undeclared (first use in this function)
   98 |                 DAC_UpdateValue(LPC_DAC, (uint32_t) (sound_8k[cnt]));
      |                                           ^~~~~~~~
../src/music.c:98:43: note: 'uint32_t' is defined in header '<stdint.h>'; did you forget to '#include <stdint.h>'?
../src/music.c:99:17: warning: implicit declaration of function 'Timer0_us_Wait' [-Wimplicit-function-declaration]
   99 |                 Timer0_us_Wait(delay);
      |                 ^~~~~~~~~~~~~~
../src/music.c:102:16: warning: 'return' with a value, in function returning void [-Wreturn-type]
  102 |         return 0;
      |                ^
../src/music.c:8:6: note: declared here
    8 | void setupMusic() {
      |      ^~~~~~~~~~
../src/music.c:12:18: warning: variable 'off' set but not used [-Wunused-but-set-variable]
   12 |         uint32_t off = 0;
      |                  ^~~
make[1]: *** [src/subdir.mk:44: src/music.o] Error 1
make: *** [makefile:35: all] Error 2
"make -r -j16 all" terminated with exit code 2. Build might be incomplete.

15:35:42 Build Failed. 39 errors, 16 warnings. (took 210ms)

